The target system is: Android - 21 - aarch64
The host system is: Linux - 4.15.0-47-generic - x86_64
Determining if the C compiler works passed with the following output:
Change Dir: /home/alok/DATA-WS/ws/tacotron-tts-cpp/build/CMakeFiles/CMakeTmp

Run Build Command:"/usr/bin/make" "cmTC_1f426/fast"
/usr/bin/make -f CMakeFiles/cmTC_1f426.dir/build.make CMakeFiles/cmTC_1f426.dir/build
make[1]: Entering directory '/home/alok/DATA-WS/ws/tacotron-tts-cpp/build/CMakeFiles/CMakeTmp'
Building C object CMakeFiles/cmTC_1f426.dir/testCCompiler.c.o
/opt/android-ndk-r15b/toolchains/llvm/prebuilt/linux-x86_64/bin/clang --target=aarch64-none-linux-android --gcc-toolchain=/opt/android-ndk-r15b/toolchains/aarch64-linux-android-4.9/prebuilt/linux-x86_64 --sysroot=/opt/android-ndk-r15b/sysroot  -isystem /opt/android-ndk-r15b/sysroot/usr/include -isystem /opt/android-ndk-r15b/sysroot/usr/include/aarch64-linux-android  -isystem /opt/android-ndk-r15b/sysroot/usr/include/aarch64-linux-android -D__ANDROID_API__=21 -g -DANDROID -ffunction-sections -funwind-tables -fstack-protector-strong -no-canonical-prefixes -Wa,--noexecstack -Wformat -Werror=format-security   -O0 -fno-limit-debug-info  -fPIE   -o CMakeFiles/cmTC_1f426.dir/testCCompiler.c.o   -c /home/alok/DATA-WS/ws/tacotron-tts-cpp/build/CMakeFiles/CMakeTmp/testCCompiler.c
Linking C executable cmTC_1f426
/usr/bin/cmake -E cmake_link_script CMakeFiles/cmTC_1f426.dir/link.txt --verbose=1
/opt/android-ndk-r15b/toolchains/llvm/prebuilt/linux-x86_64/bin/clang --target=aarch64-none-linux-android --gcc-toolchain=/opt/android-ndk-r15b/toolchains/aarch64-linux-android-4.9/prebuilt/linux-x86_64 --sysroot=/opt/android-ndk-r15b/sysroot -isystem /opt/android-ndk-r15b/sysroot/usr/include/aarch64-linux-android -D__ANDROID_API__=21 -g -DANDROID -ffunction-sections -funwind-tables -fstack-protector-strong -no-canonical-prefixes -Wa,--noexecstack -Wformat -Werror=format-security   -O0 -fno-limit-debug-info   -Wl,--exclude-libs,libgcc.a --sysroot /opt/android-ndk-r15b/platforms/android-21/arch-arm64 -Wl,--build-id -Wl,--warn-shared-textrel -Wl,--fatal-warnings -Wl,--no-undefined -Wl,-z,noexecstack -Qunused-arguments -Wl,-z,relro -Wl,-z,now -Wl,--gc-sections -Wl,-z,nocopyreloc -pie -fPIE   CMakeFiles/cmTC_1f426.dir/testCCompiler.c.o  -o cmTC_1f426 -lm 
make[1]: Leaving directory '/home/alok/DATA-WS/ws/tacotron-tts-cpp/build/CMakeFiles/CMakeTmp'


Detecting C compiler ABI info compiled with the following output:
Change Dir: /home/alok/DATA-WS/ws/tacotron-tts-cpp/build/CMakeFiles/CMakeTmp

Run Build Command:"/usr/bin/make" "cmTC_dea4c/fast"
/usr/bin/make -f CMakeFiles/cmTC_dea4c.dir/build.make CMakeFiles/cmTC_dea4c.dir/build
make[1]: Entering directory '/home/alok/DATA-WS/ws/tacotron-tts-cpp/build/CMakeFiles/CMakeTmp'
Building C object CMakeFiles/cmTC_dea4c.dir/CMakeCCompilerABI.c.o
/opt/android-ndk-r15b/toolchains/llvm/prebuilt/linux-x86_64/bin/clang --target=aarch64-none-linux-android --gcc-toolchain=/opt/android-ndk-r15b/toolchains/aarch64-linux-android-4.9/prebuilt/linux-x86_64 --sysroot=/opt/android-ndk-r15b/sysroot  -isystem /opt/android-ndk-r15b/sysroot/usr/include -isystem /opt/android-ndk-r15b/sysroot/usr/include/aarch64-linux-android  -isystem /opt/android-ndk-r15b/sysroot/usr/include/aarch64-linux-android -D__ANDROID_API__=21 -g -DANDROID -ffunction-sections -funwind-tables -fstack-protector-strong -no-canonical-prefixes -Wa,--noexecstack -Wformat -Werror=format-security   -O0 -fno-limit-debug-info  -fPIE   -o CMakeFiles/cmTC_dea4c.dir/CMakeCCompilerABI.c.o   -c /usr/share/cmake-3.10/Modules/CMakeCCompilerABI.c
Linking C executable cmTC_dea4c
/usr/bin/cmake -E cmake_link_script CMakeFiles/cmTC_dea4c.dir/link.txt --verbose=1
/opt/android-ndk-r15b/toolchains/llvm/prebuilt/linux-x86_64/bin/clang --target=aarch64-none-linux-android --gcc-toolchain=/opt/android-ndk-r15b/toolchains/aarch64-linux-android-4.9/prebuilt/linux-x86_64 --sysroot=/opt/android-ndk-r15b/sysroot -isystem /opt/android-ndk-r15b/sysroot/usr/include/aarch64-linux-android -D__ANDROID_API__=21 -g -DANDROID -ffunction-sections -funwind-tables -fstack-protector-strong -no-canonical-prefixes -Wa,--noexecstack -Wformat -Werror=format-security   -O0 -fno-limit-debug-info   -Wl,--exclude-libs,libgcc.a --sysroot /opt/android-ndk-r15b/platforms/android-21/arch-arm64 -Wl,--build-id -Wl,--warn-shared-textrel -Wl,--fatal-warnings -Wl,--no-undefined -Wl,-z,noexecstack -Qunused-arguments -Wl,-z,relro -Wl,-z,now -Wl,--gc-sections -Wl,-z,nocopyreloc -pie -fPIE  -v CMakeFiles/cmTC_dea4c.dir/CMakeCCompilerABI.c.o  -o cmTC_dea4c 
Android clang version 5.0.300080  (based on LLVM 5.0.300080)
Target: aarch64-none-linux-android
Thread model: posix
InstalledDir: /opt/android-ndk-r15b/toolchains/llvm/prebuilt/linux-x86_64/bin
Found candidate GCC installation: /opt/android-ndk-r15b/toolchains/aarch64-linux-android-4.9/prebuilt/linux-x86_64/lib/gcc/aarch64-linux-android/4.9.x
Selected GCC installation: /opt/android-ndk-r15b/toolchains/aarch64-linux-android-4.9/prebuilt/linux-x86_64/lib/gcc/aarch64-linux-android/4.9.x
Candidate multilib: .;@m64
Selected multilib: .;@m64
 "/opt/android-ndk-r15b/toolchains/aarch64-linux-android-4.9/prebuilt/linux-x86_64/lib/gcc/aarch64-linux-android/4.9.x/../../../../aarch64-linux-android/bin/ld" --sysroot=/opt/android-ndk-r15b/platforms/android-21/arch-arm64 -pie --fix-cortex-a53-843419 --eh-frame-hdr -m aarch64linux -dynamic-linker /system/bin/linker64 -o cmTC_dea4c /opt/android-ndk-r15b/platforms/android-21/arch-arm64/usr/lib/crtbegin_dynamic.o -L/opt/android-ndk-r15b/toolchains/llvm/prebuilt/linux-x86_64/lib64/clang/5.0.300080/lib/linux/aarch64 -L/opt/android-ndk-r15b/toolchains/aarch64-linux-android-4.9/prebuilt/linux-x86_64/lib/gcc/aarch64-linux-android/4.9.x -L/opt/android-ndk-r15b/toolchains/aarch64-linux-android-4.9/prebuilt/linux-x86_64/lib/gcc/aarch64-linux-android/4.9.x/../../../../aarch64-linux-android/lib/../lib64 -L/opt/android-ndk-r15b/toolchains/aarch64-linux-android-4.9/prebuilt/linux-x86_64/lib/gcc/aarch64-linux-android/4.9.x/../../../../aarch64-linux-android/lib -L/opt/android-ndk-r15b/platforms/android-21/arch-arm64/usr/lib --exclude-libs libgcc.a --build-id --warn-shared-textrel --fatal-warnings --no-undefined -z noexecstack -z relro -z now --gc-sections -z nocopyreloc CMakeFiles/cmTC_dea4c.dir/CMakeCCompilerABI.c.o -lgcc -ldl -lc -lgcc -ldl /opt/android-ndk-r15b/platforms/android-21/arch-arm64/usr/lib/crtend_android.o
make[1]: Leaving directory '/home/alok/DATA-WS/ws/tacotron-tts-cpp/build/CMakeFiles/CMakeTmp'


Parsed C implicit link information from above output:
  link line regex: [^( *|.*[/\])(aarch64-linux-android-ld|CMAKE_LINK_STARTFILE-NOTFOUND|([^/\]+-)?ld|collect2)[^/\]*( |$)]
  ignore line: [Change Dir: /home/alok/DATA-WS/ws/tacotron-tts-cpp/build/CMakeFiles/CMakeTmp]
  ignore line: []
  ignore line: [Run Build Command:"/usr/bin/make" "cmTC_dea4c/fast"]
  ignore line: [/usr/bin/make -f CMakeFiles/cmTC_dea4c.dir/build.make CMakeFiles/cmTC_dea4c.dir/build]
  ignore line: [make[1]: Entering directory '/home/alok/DATA-WS/ws/tacotron-tts-cpp/build/CMakeFiles/CMakeTmp']
  ignore line: [Building C object CMakeFiles/cmTC_dea4c.dir/CMakeCCompilerABI.c.o]
  ignore line: [/opt/android-ndk-r15b/toolchains/llvm/prebuilt/linux-x86_64/bin/clang --target=aarch64-none-linux-android --gcc-toolchain=/opt/android-ndk-r15b/toolchains/aarch64-linux-android-4.9/prebuilt/linux-x86_64 --sysroot=/opt/android-ndk-r15b/sysroot  -isystem /opt/android-ndk-r15b/sysroot/usr/include -isystem /opt/android-ndk-r15b/sysroot/usr/include/aarch64-linux-android  -isystem /opt/android-ndk-r15b/sysroot/usr/include/aarch64-linux-android -D__ANDROID_API__=21 -g -DANDROID -ffunction-sections -funwind-tables -fstack-protector-strong -no-canonical-prefixes -Wa,--noexecstack -Wformat -Werror=format-security   -O0 -fno-limit-debug-info  -fPIE   -o CMakeFiles/cmTC_dea4c.dir/CMakeCCompilerABI.c.o   -c /usr/share/cmake-3.10/Modules/CMakeCCompilerABI.c]
  ignore line: [Linking C executable cmTC_dea4c]
  ignore line: [/usr/bin/cmake -E cmake_link_script CMakeFiles/cmTC_dea4c.dir/link.txt --verbose=1]
  ignore line: [/opt/android-ndk-r15b/toolchains/llvm/prebuilt/linux-x86_64/bin/clang --target=aarch64-none-linux-android --gcc-toolchain=/opt/android-ndk-r15b/toolchains/aarch64-linux-android-4.9/prebuilt/linux-x86_64 --sysroot=/opt/android-ndk-r15b/sysroot -isystem /opt/android-ndk-r15b/sysroot/usr/include/aarch64-linux-android -D__ANDROID_API__=21 -g -DANDROID -ffunction-sections -funwind-tables -fstack-protector-strong -no-canonical-prefixes -Wa,--noexecstack -Wformat -Werror=format-security   -O0 -fno-limit-debug-info   -Wl,--exclude-libs,libgcc.a --sysroot /opt/android-ndk-r15b/platforms/android-21/arch-arm64 -Wl,--build-id -Wl,--warn-shared-textrel -Wl,--fatal-warnings -Wl,--no-undefined -Wl,-z,noexecstack -Qunused-arguments -Wl,-z,relro -Wl,-z,now -Wl,--gc-sections -Wl,-z,nocopyreloc -pie -fPIE  -v CMakeFiles/cmTC_dea4c.dir/CMakeCCompilerABI.c.o  -o cmTC_dea4c ]
  ignore line: [Android clang version 5.0.300080  (based on LLVM 5.0.300080)]
  ignore line: [Target: aarch64-none-linux-android]
  ignore line: [Thread model: posix]
  ignore line: [InstalledDir: /opt/android-ndk-r15b/toolchains/llvm/prebuilt/linux-x86_64/bin]
  ignore line: [Found candidate GCC installation: /opt/android-ndk-r15b/toolchains/aarch64-linux-android-4.9/prebuilt/linux-x86_64/lib/gcc/aarch64-linux-android/4.9.x]
  ignore line: [Selected GCC installation: /opt/android-ndk-r15b/toolchains/aarch64-linux-android-4.9/prebuilt/linux-x86_64/lib/gcc/aarch64-linux-android/4.9.x]
  ignore line: [Candidate multilib: .]
  ignore line: [@m64]
  ignore line: [Selected multilib: .]
  ignore line: [@m64]
  link line: [ "/opt/android-ndk-r15b/toolchains/aarch64-linux-android-4.9/prebuilt/linux-x86_64/lib/gcc/aarch64-linux-android/4.9.x/../../../../aarch64-linux-android/bin/ld" --sysroot=/opt/android-ndk-r15b/platforms/android-21/arch-arm64 -pie --fix-cortex-a53-843419 --eh-frame-hdr -m aarch64linux -dynamic-linker /system/bin/linker64 -o cmTC_dea4c /opt/android-ndk-r15b/platforms/android-21/arch-arm64/usr/lib/crtbegin_dynamic.o -L/opt/android-ndk-r15b/toolchains/llvm/prebuilt/linux-x86_64/lib64/clang/5.0.300080/lib/linux/aarch64 -L/opt/android-ndk-r15b/toolchains/aarch64-linux-android-4.9/prebuilt/linux-x86_64/lib/gcc/aarch64-linux-android/4.9.x -L/opt/android-ndk-r15b/toolchains/aarch64-linux-android-4.9/prebuilt/linux-x86_64/lib/gcc/aarch64-linux-android/4.9.x/../../../../aarch64-linux-android/lib/../lib64 -L/opt/android-ndk-r15b/toolchains/aarch64-linux-android-4.9/prebuilt/linux-x86_64/lib/gcc/aarch64-linux-android/4.9.x/../../../../aarch64-linux-android/lib -L/opt/android-ndk-r15b/platforms/android-21/arch-arm64/usr/lib --exclude-libs libgcc.a --build-id --warn-shared-textrel --fatal-warnings --no-undefined -z noexecstack -z relro -z now --gc-sections -z nocopyreloc CMakeFiles/cmTC_dea4c.dir/CMakeCCompilerABI.c.o -lgcc -ldl -lc -lgcc -ldl /opt/android-ndk-r15b/platforms/android-21/arch-arm64/usr/lib/crtend_android.o]
    arg [/opt/android-ndk-r15b/toolchains/aarch64-linux-android-4.9/prebuilt/linux-x86_64/lib/gcc/aarch64-linux-android/4.9.x/../../../../aarch64-linux-android/bin/ld] ==> ignore
    arg [--sysroot=/opt/android-ndk-r15b/platforms/android-21/arch-arm64] ==> ignore
    arg [-pie] ==> ignore
    arg [--fix-cortex-a53-843419] ==> ignore
    arg [--eh-frame-hdr] ==> ignore
    arg [-m] ==> ignore
    arg [aarch64linux] ==> ignore
    arg [-dynamic-linker] ==> ignore
    arg [/system/bin/linker64] ==> ignore
    arg [-o] ==> ignore
    arg [cmTC_dea4c] ==> ignore
    arg [/opt/android-ndk-r15b/platforms/android-21/arch-arm64/usr/lib/crtbegin_dynamic.o] ==> ignore
    arg [-L/opt/android-ndk-r15b/toolchains/llvm/prebuilt/linux-x86_64/lib64/clang/5.0.300080/lib/linux/aarch64] ==> dir [/opt/android-ndk-r15b/toolchains/llvm/prebuilt/linux-x86_64/lib64/clang/5.0.300080/lib/linux/aarch64]
    arg [-L/opt/android-ndk-r15b/toolchains/aarch64-linux-android-4.9/prebuilt/linux-x86_64/lib/gcc/aarch64-linux-android/4.9.x] ==> dir [/opt/android-ndk-r15b/toolchains/aarch64-linux-android-4.9/prebuilt/linux-x86_64/lib/gcc/aarch64-linux-android/4.9.x]
    arg [-L/opt/android-ndk-r15b/toolchains/aarch64-linux-android-4.9/prebuilt/linux-x86_64/lib/gcc/aarch64-linux-android/4.9.x/../../../../aarch64-linux-android/lib/../lib64] ==> dir [/opt/android-ndk-r15b/toolchains/aarch64-linux-android-4.9/prebuilt/linux-x86_64/lib/gcc/aarch64-linux-android/4.9.x/../../../../aarch64-linux-android/lib/../lib64]
    arg [-L/opt/android-ndk-r15b/toolchains/aarch64-linux-android-4.9/prebuilt/linux-x86_64/lib/gcc/aarch64-linux-android/4.9.x/../../../../aarch64-linux-android/lib] ==> dir [/opt/android-ndk-r15b/toolchains/aarch64-linux-android-4.9/prebuilt/linux-x86_64/lib/gcc/aarch64-linux-android/4.9.x/../../../../aarch64-linux-android/lib]
    arg [-L/opt/android-ndk-r15b/platforms/android-21/arch-arm64/usr/lib] ==> dir [/opt/android-ndk-r15b/platforms/android-21/arch-arm64/usr/lib]
    arg [--exclude-libs] ==> ignore
    arg [libgcc.a] ==> ignore
    arg [--build-id] ==> ignore
    arg [--warn-shared-textrel] ==> ignore
    arg [--fatal-warnings] ==> ignore
    arg [--no-undefined] ==> ignore
    arg [-znoexecstack] ==> ignore
    arg [-zrelro] ==> ignore
    arg [-znow] ==> ignore
    arg [--gc-sections] ==> ignore
    arg [-znocopyreloc] ==> ignore
    arg [CMakeFiles/cmTC_dea4c.dir/CMakeCCompilerABI.c.o] ==> ignore
    arg [-lgcc] ==> lib [gcc]
    arg [-ldl] ==> lib [dl]
    arg [-lc] ==> lib [c]
    arg [-lgcc] ==> lib [gcc]
    arg [-ldl] ==> lib [dl]
    arg [/opt/android-ndk-r15b/platforms/android-21/arch-arm64/usr/lib/crtend_android.o] ==> ignore
  collapse library dir [/opt/android-ndk-r15b/toolchains/llvm/prebuilt/linux-x86_64/lib64/clang/5.0.300080/lib/linux/aarch64] ==> [/opt/android-ndk-r15b/toolchains/llvm/prebuilt/linux-x86_64/lib64/clang/5.0.300080/lib/linux/aarch64]
  collapse library dir [/opt/android-ndk-r15b/toolchains/aarch64-linux-android-4.9/prebuilt/linux-x86_64/lib/gcc/aarch64-linux-android/4.9.x] ==> [/opt/android-ndk-r15b/toolchains/aarch64-linux-android-4.9/prebuilt/linux-x86_64/lib/gcc/aarch64-linux-android/4.9.x]
  collapse library dir [/opt/android-ndk-r15b/toolchains/aarch64-linux-android-4.9/prebuilt/linux-x86_64/lib/gcc/aarch64-linux-android/4.9.x/../../../../aarch64-linux-android/lib/../lib64] ==> [/opt/android-ndk-r15b/toolchains/aarch64-linux-android-4.9/prebuilt/linux-x86_64/aarch64-linux-android/lib64]
  collapse library dir [/opt/android-ndk-r15b/toolchains/aarch64-linux-android-4.9/prebuilt/linux-x86_64/lib/gcc/aarch64-linux-android/4.9.x/../../../../aarch64-linux-android/lib] ==> [/opt/android-ndk-r15b/toolchains/aarch64-linux-android-4.9/prebuilt/linux-x86_64/aarch64-linux-android/lib]
  collapse library dir [/opt/android-ndk-r15b/platforms/android-21/arch-arm64/usr/lib] ==> [/opt/android-ndk-r15b/platforms/android-21/arch-arm64/usr/lib]
  implicit libs: [gcc;dl;c;gcc;dl]
  implicit dirs: [/opt/android-ndk-r15b/toolchains/llvm/prebuilt/linux-x86_64/lib64/clang/5.0.300080/lib/linux/aarch64;/opt/android-ndk-r15b/toolchains/aarch64-linux-android-4.9/prebuilt/linux-x86_64/lib/gcc/aarch64-linux-android/4.9.x;/opt/android-ndk-r15b/toolchains/aarch64-linux-android-4.9/prebuilt/linux-x86_64/aarch64-linux-android/lib64;/opt/android-ndk-r15b/toolchains/aarch64-linux-android-4.9/prebuilt/linux-x86_64/aarch64-linux-android/lib;/opt/android-ndk-r15b/platforms/android-21/arch-arm64/usr/lib]
  implicit fwks: []




Detecting C [-std=c11] compiler features compiled with the following output:
Change Dir: /home/alok/DATA-WS/ws/tacotron-tts-cpp/build/CMakeFiles/CMakeTmp

Run Build Command:"/usr/bin/make" "cmTC_b5558/fast"
/usr/bin/make -f CMakeFiles/cmTC_b5558.dir/build.make CMakeFiles/cmTC_b5558.dir/build
make[1]: Entering directory '/home/alok/DATA-WS/ws/tacotron-tts-cpp/build/CMakeFiles/CMakeTmp'
Building C object CMakeFiles/cmTC_b5558.dir/feature_tests.c.o
/opt/android-ndk-r15b/toolchains/llvm/prebuilt/linux-x86_64/bin/clang --target=aarch64-none-linux-android --gcc-toolchain=/opt/android-ndk-r15b/toolchains/aarch64-linux-android-4.9/prebuilt/linux-x86_64 --sysroot=/opt/android-ndk-r15b/sysroot  -isystem /opt/android-ndk-r15b/sysroot/usr/include -isystem /opt/android-ndk-r15b/sysroot/usr/include/aarch64-linux-android  -isystem /opt/android-ndk-r15b/sysroot/usr/include/aarch64-linux-android -D__ANDROID_API__=21 -g -DANDROID -ffunction-sections -funwind-tables -fstack-protector-strong -no-canonical-prefixes -Wa,--noexecstack -Wformat -Werror=format-security   -O0 -fno-limit-debug-info  -fPIE   -std=c11 -o CMakeFiles/cmTC_b5558.dir/feature_tests.c.o   -c /home/alok/DATA-WS/ws/tacotron-tts-cpp/build/CMakeFiles/feature_tests.c
Linking C executable cmTC_b5558
/usr/bin/cmake -E cmake_link_script CMakeFiles/cmTC_b5558.dir/link.txt --verbose=1
/opt/android-ndk-r15b/toolchains/llvm/prebuilt/linux-x86_64/bin/clang --target=aarch64-none-linux-android --gcc-toolchain=/opt/android-ndk-r15b/toolchains/aarch64-linux-android-4.9/prebuilt/linux-x86_64 --sysroot=/opt/android-ndk-r15b/sysroot -isystem /opt/android-ndk-r15b/sysroot/usr/include/aarch64-linux-android -D__ANDROID_API__=21 -g -DANDROID -ffunction-sections -funwind-tables -fstack-protector-strong -no-canonical-prefixes -Wa,--noexecstack -Wformat -Werror=format-security   -O0 -fno-limit-debug-info   -Wl,--exclude-libs,libgcc.a --sysroot /opt/android-ndk-r15b/platforms/android-21/arch-arm64 -Wl,--build-id -Wl,--warn-shared-textrel -Wl,--fatal-warnings -Wl,--no-undefined -Wl,-z,noexecstack -Qunused-arguments -Wl,-z,relro -Wl,-z,now -Wl,--gc-sections -Wl,-z,nocopyreloc -pie -fPIE   CMakeFiles/cmTC_b5558.dir/feature_tests.c.o  -o cmTC_b5558 -lm 
make[1]: Leaving directory '/home/alok/DATA-WS/ws/tacotron-tts-cpp/build/CMakeFiles/CMakeTmp'


    Feature record: C_FEATURE:1c_function_prototypes
    Feature record: C_FEATURE:1c_restrict
    Feature record: C_FEATURE:1c_static_assert
    Feature record: C_FEATURE:1c_variadic_macros


Detecting C [-std=c99] compiler features compiled with the following output:
Change Dir: /home/alok/DATA-WS/ws/tacotron-tts-cpp/build/CMakeFiles/CMakeTmp

Run Build Command:"/usr/bin/make" "cmTC_fd3a1/fast"
/usr/bin/make -f CMakeFiles/cmTC_fd3a1.dir/build.make CMakeFiles/cmTC_fd3a1.dir/build
make[1]: Entering directory '/home/alok/DATA-WS/ws/tacotron-tts-cpp/build/CMakeFiles/CMakeTmp'
Building C object CMakeFiles/cmTC_fd3a1.dir/feature_tests.c.o
/opt/android-ndk-r15b/toolchains/llvm/prebuilt/linux-x86_64/bin/clang --target=aarch64-none-linux-android --gcc-toolchain=/opt/android-ndk-r15b/toolchains/aarch64-linux-android-4.9/prebuilt/linux-x86_64 --sysroot=/opt/android-ndk-r15b/sysroot  -isystem /opt/android-ndk-r15b/sysroot/usr/include -isystem /opt/android-ndk-r15b/sysroot/usr/include/aarch64-linux-android  -isystem /opt/android-ndk-r15b/sysroot/usr/include/aarch64-linux-android -D__ANDROID_API__=21 -g -DANDROID -ffunction-sections -funwind-tables -fstack-protector-strong -no-canonical-prefixes -Wa,--noexecstack -Wformat -Werror=format-security   -O0 -fno-limit-debug-info  -fPIE   -std=c99 -o CMakeFiles/cmTC_fd3a1.dir/feature_tests.c.o   -c /home/alok/DATA-WS/ws/tacotron-tts-cpp/build/CMakeFiles/feature_tests.c
Linking C executable cmTC_fd3a1
/usr/bin/cmake -E cmake_link_script CMakeFiles/cmTC_fd3a1.dir/link.txt --verbose=1
/opt/android-ndk-r15b/toolchains/llvm/prebuilt/linux-x86_64/bin/clang --target=aarch64-none-linux-android --gcc-toolchain=/opt/android-ndk-r15b/toolchains/aarch64-linux-android-4.9/prebuilt/linux-x86_64 --sysroot=/opt/android-ndk-r15b/sysroot -isystem /opt/android-ndk-r15b/sysroot/usr/include/aarch64-linux-android -D__ANDROID_API__=21 -g -DANDROID -ffunction-sections -funwind-tables -fstack-protector-strong -no-canonical-prefixes -Wa,--noexecstack -Wformat -Werror=format-security   -O0 -fno-limit-debug-info   -Wl,--exclude-libs,libgcc.a --sysroot /opt/android-ndk-r15b/platforms/android-21/arch-arm64 -Wl,--build-id -Wl,--warn-shared-textrel -Wl,--fatal-warnings -Wl,--no-undefined -Wl,-z,noexecstack -Qunused-arguments -Wl,-z,relro -Wl,-z,now -Wl,--gc-sections -Wl,-z,nocopyreloc -pie -fPIE   CMakeFiles/cmTC_fd3a1.dir/feature_tests.c.o  -o cmTC_fd3a1 -lm 
make[1]: Leaving directory '/home/alok/DATA-WS/ws/tacotron-tts-cpp/build/CMakeFiles/CMakeTmp'


    Feature record: C_FEATURE:1c_function_prototypes
    Feature record: C_FEATURE:1c_restrict
    Feature record: C_FEATURE:0c_static_assert
    Feature record: C_FEATURE:1c_variadic_macros


Detecting C [-std=c90] compiler features compiled with the following output:
Change Dir: /home/alok/DATA-WS/ws/tacotron-tts-cpp/build/CMakeFiles/CMakeTmp

Run Build Command:"/usr/bin/make" "cmTC_2a201/fast"
/usr/bin/make -f CMakeFiles/cmTC_2a201.dir/build.make CMakeFiles/cmTC_2a201.dir/build
make[1]: Entering directory '/home/alok/DATA-WS/ws/tacotron-tts-cpp/build/CMakeFiles/CMakeTmp'
Building C object CMakeFiles/cmTC_2a201.dir/feature_tests.c.o
/opt/android-ndk-r15b/toolchains/llvm/prebuilt/linux-x86_64/bin/clang --target=aarch64-none-linux-android --gcc-toolchain=/opt/android-ndk-r15b/toolchains/aarch64-linux-android-4.9/prebuilt/linux-x86_64 --sysroot=/opt/android-ndk-r15b/sysroot  -isystem /opt/android-ndk-r15b/sysroot/usr/include -isystem /opt/android-ndk-r15b/sysroot/usr/include/aarch64-linux-android  -isystem /opt/android-ndk-r15b/sysroot/usr/include/aarch64-linux-android -D__ANDROID_API__=21 -g -DANDROID -ffunction-sections -funwind-tables -fstack-protector-strong -no-canonical-prefixes -Wa,--noexecstack -Wformat -Werror=format-security   -O0 -fno-limit-debug-info  -fPIE   -std=c90 -o CMakeFiles/cmTC_2a201.dir/feature_tests.c.o   -c /home/alok/DATA-WS/ws/tacotron-tts-cpp/build/CMakeFiles/feature_tests.c
Linking C executable cmTC_2a201
/usr/bin/cmake -E cmake_link_script CMakeFiles/cmTC_2a201.dir/link.txt --verbose=1
/opt/android-ndk-r15b/toolchains/llvm/prebuilt/linux-x86_64/bin/clang --target=aarch64-none-linux-android --gcc-toolchain=/opt/android-ndk-r15b/toolchains/aarch64-linux-android-4.9/prebuilt/linux-x86_64 --sysroot=/opt/android-ndk-r15b/sysroot -isystem /opt/android-ndk-r15b/sysroot/usr/include/aarch64-linux-android -D__ANDROID_API__=21 -g -DANDROID -ffunction-sections -funwind-tables -fstack-protector-strong -no-canonical-prefixes -Wa,--noexecstack -Wformat -Werror=format-security   -O0 -fno-limit-debug-info   -Wl,--exclude-libs,libgcc.a --sysroot /opt/android-ndk-r15b/platforms/android-21/arch-arm64 -Wl,--build-id -Wl,--warn-shared-textrel -Wl,--fatal-warnings -Wl,--no-undefined -Wl,-z,noexecstack -Qunused-arguments -Wl,-z,relro -Wl,-z,now -Wl,--gc-sections -Wl,-z,nocopyreloc -pie -fPIE   CMakeFiles/cmTC_2a201.dir/feature_tests.c.o  -o cmTC_2a201 -lm 
make[1]: Leaving directory '/home/alok/DATA-WS/ws/tacotron-tts-cpp/build/CMakeFiles/CMakeTmp'


    Feature record: C_FEATURE:1c_function_prototypes
    Feature record: C_FEATURE:0c_restrict
    Feature record: C_FEATURE:0c_static_assert
    Feature record: C_FEATURE:0c_variadic_macros
Determining if the CXX compiler works passed with the following output:
Change Dir: /home/alok/DATA-WS/ws/tacotron-tts-cpp/build/CMakeFiles/CMakeTmp

Run Build Command:"/usr/bin/make" "cmTC_eb30a/fast"
/usr/bin/make -f CMakeFiles/cmTC_eb30a.dir/build.make CMakeFiles/cmTC_eb30a.dir/build
make[1]: Entering directory '/home/alok/DATA-WS/ws/tacotron-tts-cpp/build/CMakeFiles/CMakeTmp'
Building CXX object CMakeFiles/cmTC_eb30a.dir/testCXXCompiler.cxx.o
/opt/android-ndk-r15b/toolchains/llvm/prebuilt/linux-x86_64/bin/clang++ --target=aarch64-none-linux-android --gcc-toolchain=/opt/android-ndk-r15b/toolchains/aarch64-linux-android-4.9/prebuilt/linux-x86_64 --sysroot=/opt/android-ndk-r15b/sysroot   -isystem /opt/android-ndk-r15b/sources/cxx-stl/gnu-libstdc++/4.9/include -isystem /opt/android-ndk-r15b/sources/cxx-stl/gnu-libstdc++/4.9/libs/arm64-v8a/include -isystem /opt/android-ndk-r15b/sources/cxx-stl/gnu-libstdc++/4.9/include/backward -isystem /opt/android-ndk-r15b/sources/cxx-stl/gnu-libstdc++/4.9/include -isystem /opt/android-ndk-r15b/sources/cxx-stl/gnu-libstdc++/4.9/libs/arm64-v8a/include -isystem /opt/android-ndk-r15b/sources/cxx-stl/gnu-libstdc++/4.9/include/backward -isystem /opt/android-ndk-r15b/sysroot/usr/include -isystem /opt/android-ndk-r15b/sysroot/usr/include/aarch64-linux-android  -isystem /opt/android-ndk-r15b/sysroot/usr/include/aarch64-linux-android -D__ANDROID_API__=21 -g -DANDROID -ffunction-sections -funwind-tables -fstack-protector-strong -no-canonical-prefixes -Wa,--noexecstack -Wformat -Werror=format-security    -O0 -fno-limit-debug-info  -fPIE   -o CMakeFiles/cmTC_eb30a.dir/testCXXCompiler.cxx.o -c /home/alok/DATA-WS/ws/tacotron-tts-cpp/build/CMakeFiles/CMakeTmp/testCXXCompiler.cxx
Linking CXX executable cmTC_eb30a
/usr/bin/cmake -E cmake_link_script CMakeFiles/cmTC_eb30a.dir/link.txt --verbose=1
/opt/android-ndk-r15b/toolchains/llvm/prebuilt/linux-x86_64/bin/clang++ --target=aarch64-none-linux-android --gcc-toolchain=/opt/android-ndk-r15b/toolchains/aarch64-linux-android-4.9/prebuilt/linux-x86_64 --sysroot=/opt/android-ndk-r15b/sysroot  -isystem /opt/android-ndk-r15b/sysroot/usr/include/aarch64-linux-android -D__ANDROID_API__=21 -g -DANDROID -ffunction-sections -funwind-tables -fstack-protector-strong -no-canonical-prefixes -Wa,--noexecstack -Wformat -Werror=format-security    -O0 -fno-limit-debug-info   -Wl,--exclude-libs,libgcc.a --sysroot /opt/android-ndk-r15b/platforms/android-21/arch-arm64 -Wl,--build-id -Wl,--warn-shared-textrel -Wl,--fatal-warnings -Wl,--no-undefined -Wl,-z,noexecstack -Qunused-arguments -Wl,-z,relro -Wl,-z,now -Wl,--gc-sections -Wl,-z,nocopyreloc -pie -fPIE   CMakeFiles/cmTC_eb30a.dir/testCXXCompiler.cxx.o  -o cmTC_eb30a -lm "/opt/android-ndk-r15b/sources/cxx-stl/gnu-libstdc++/4.9/libs/arm64-v8a/libgnustl_static.a" 
make[1]: Leaving directory '/home/alok/DATA-WS/ws/tacotron-tts-cpp/build/CMakeFiles/CMakeTmp'


Detecting CXX compiler ABI info compiled with the following output:
Change Dir: /home/alok/DATA-WS/ws/tacotron-tts-cpp/build/CMakeFiles/CMakeTmp

Run Build Command:"/usr/bin/make" "cmTC_38b49/fast"
/usr/bin/make -f CMakeFiles/cmTC_38b49.dir/build.make CMakeFiles/cmTC_38b49.dir/build
make[1]: Entering directory '/home/alok/DATA-WS/ws/tacotron-tts-cpp/build/CMakeFiles/CMakeTmp'
Building CXX object CMakeFiles/cmTC_38b49.dir/CMakeCXXCompilerABI.cpp.o
/opt/android-ndk-r15b/toolchains/llvm/prebuilt/linux-x86_64/bin/clang++ --target=aarch64-none-linux-android --gcc-toolchain=/opt/android-ndk-r15b/toolchains/aarch64-linux-android-4.9/prebuilt/linux-x86_64 --sysroot=/opt/android-ndk-r15b/sysroot   -isystem /opt/android-ndk-r15b/sources/cxx-stl/gnu-libstdc++/4.9/include -isystem /opt/android-ndk-r15b/sources/cxx-stl/gnu-libstdc++/4.9/libs/arm64-v8a/include -isystem /opt/android-ndk-r15b/sources/cxx-stl/gnu-libstdc++/4.9/include/backward -isystem /opt/android-ndk-r15b/sources/cxx-stl/gnu-libstdc++/4.9/include -isystem /opt/android-ndk-r15b/sources/cxx-stl/gnu-libstdc++/4.9/libs/arm64-v8a/include -isystem /opt/android-ndk-r15b/sources/cxx-stl/gnu-libstdc++/4.9/include/backward -isystem /opt/android-ndk-r15b/sysroot/usr/include -isystem /opt/android-ndk-r15b/sysroot/usr/include/aarch64-linux-android  -isystem /opt/android-ndk-r15b/sysroot/usr/include/aarch64-linux-android -D__ANDROID_API__=21 -g -DANDROID -ffunction-sections -funwind-tables -fstack-protector-strong -no-canonical-prefixes -Wa,--noexecstack -Wformat -Werror=format-security    -O0 -fno-limit-debug-info  -fPIE   -o CMakeFiles/cmTC_38b49.dir/CMakeCXXCompilerABI.cpp.o -c /usr/share/cmake-3.10/Modules/CMakeCXXCompilerABI.cpp
Linking CXX executable cmTC_38b49
/usr/bin/cmake -E cmake_link_script CMakeFiles/cmTC_38b49.dir/link.txt --verbose=1
/opt/android-ndk-r15b/toolchains/llvm/prebuilt/linux-x86_64/bin/clang++ --target=aarch64-none-linux-android --gcc-toolchain=/opt/android-ndk-r15b/toolchains/aarch64-linux-android-4.9/prebuilt/linux-x86_64 --sysroot=/opt/android-ndk-r15b/sysroot  -isystem /opt/android-ndk-r15b/sysroot/usr/include/aarch64-linux-android -D__ANDROID_API__=21 -g -DANDROID -ffunction-sections -funwind-tables -fstack-protector-strong -no-canonical-prefixes -Wa,--noexecstack -Wformat -Werror=format-security    -O0 -fno-limit-debug-info   -Wl,--exclude-libs,libgcc.a --sysroot /opt/android-ndk-r15b/platforms/android-21/arch-arm64 -Wl,--build-id -Wl,--warn-shared-textrel -Wl,--fatal-warnings -Wl,--no-undefined -Wl,-z,noexecstack -Qunused-arguments -Wl,-z,relro -Wl,-z,now -Wl,--gc-sections -Wl,-z,nocopyreloc -pie -fPIE  -v CMakeFiles/cmTC_38b49.dir/CMakeCXXCompilerABI.cpp.o  -o cmTC_38b49 
Android clang version 5.0.300080  (based on LLVM 5.0.300080)
Target: aarch64-none-linux-android
Thread model: posix
InstalledDir: /opt/android-ndk-r15b/toolchains/llvm/prebuilt/linux-x86_64/bin
Found candidate GCC installation: /opt/android-ndk-r15b/toolchains/aarch64-linux-android-4.9/prebuilt/linux-x86_64/lib/gcc/aarch64-linux-android/4.9.x
Selected GCC installation: /opt/android-ndk-r15b/toolchains/aarch64-linux-android-4.9/prebuilt/linux-x86_64/lib/gcc/aarch64-linux-android/4.9.x
Candidate multilib: .;@m64
Selected multilib: .;@m64
 "/opt/android-ndk-r15b/toolchains/aarch64-linux-android-4.9/prebuilt/linux-x86_64/lib/gcc/aarch64-linux-android/4.9.x/../../../../aarch64-linux-android/bin/ld" --sysroot=/opt/android-ndk-r15b/platforms/android-21/arch-arm64 -pie --fix-cortex-a53-843419 --eh-frame-hdr -m aarch64linux -dynamic-linker /system/bin/linker64 -o cmTC_38b49 /opt/android-ndk-r15b/platforms/android-21/arch-arm64/usr/lib/crtbegin_dynamic.o -L/opt/android-ndk-r15b/toolchains/llvm/prebuilt/linux-x86_64/lib64/clang/5.0.300080/lib/linux/aarch64 -L/opt/android-ndk-r15b/toolchains/aarch64-linux-android-4.9/prebuilt/linux-x86_64/lib/gcc/aarch64-linux-android/4.9.x -L/opt/android-ndk-r15b/toolchains/aarch64-linux-android-4.9/prebuilt/linux-x86_64/lib/gcc/aarch64-linux-android/4.9.x/../../../../aarch64-linux-android/lib/../lib64 -L/opt/android-ndk-r15b/toolchains/aarch64-linux-android-4.9/prebuilt/linux-x86_64/lib/gcc/aarch64-linux-android/4.9.x/../../../../aarch64-linux-android/lib -L/opt/android-ndk-r15b/platforms/android-21/arch-arm64/usr/lib --exclude-libs libgcc.a --build-id --warn-shared-textrel --fatal-warnings --no-undefined -z noexecstack -z relro -z now --gc-sections -z nocopyreloc CMakeFiles/cmTC_38b49.dir/CMakeCXXCompilerABI.cpp.o -lstdc++ -lm -lgcc -lgcc -ldl -lc -lgcc -lgcc -ldl /opt/android-ndk-r15b/platforms/android-21/arch-arm64/usr/lib/crtend_android.o
make[1]: Leaving directory '/home/alok/DATA-WS/ws/tacotron-tts-cpp/build/CMakeFiles/CMakeTmp'


Parsed CXX implicit link information from above output:
  link line regex: [^( *|.*[/\])(aarch64-linux-android-ld|CMAKE_LINK_STARTFILE-NOTFOUND|([^/\]+-)?ld|collect2)[^/\]*( |$)]
  ignore line: [Change Dir: /home/alok/DATA-WS/ws/tacotron-tts-cpp/build/CMakeFiles/CMakeTmp]
  ignore line: []
  ignore line: [Run Build Command:"/usr/bin/make" "cmTC_38b49/fast"]
  ignore line: [/usr/bin/make -f CMakeFiles/cmTC_38b49.dir/build.make CMakeFiles/cmTC_38b49.dir/build]
  ignore line: [make[1]: Entering directory '/home/alok/DATA-WS/ws/tacotron-tts-cpp/build/CMakeFiles/CMakeTmp']
  ignore line: [Building CXX object CMakeFiles/cmTC_38b49.dir/CMakeCXXCompilerABI.cpp.o]
  ignore line: [/opt/android-ndk-r15b/toolchains/llvm/prebuilt/linux-x86_64/bin/clang++ --target=aarch64-none-linux-android --gcc-toolchain=/opt/android-ndk-r15b/toolchains/aarch64-linux-android-4.9/prebuilt/linux-x86_64 --sysroot=/opt/android-ndk-r15b/sysroot   -isystem /opt/android-ndk-r15b/sources/cxx-stl/gnu-libstdc++/4.9/include -isystem /opt/android-ndk-r15b/sources/cxx-stl/gnu-libstdc++/4.9/libs/arm64-v8a/include -isystem /opt/android-ndk-r15b/sources/cxx-stl/gnu-libstdc++/4.9/include/backward -isystem /opt/android-ndk-r15b/sources/cxx-stl/gnu-libstdc++/4.9/include -isystem /opt/android-ndk-r15b/sources/cxx-stl/gnu-libstdc++/4.9/libs/arm64-v8a/include -isystem /opt/android-ndk-r15b/sources/cxx-stl/gnu-libstdc++/4.9/include/backward -isystem /opt/android-ndk-r15b/sysroot/usr/include -isystem /opt/android-ndk-r15b/sysroot/usr/include/aarch64-linux-android  -isystem /opt/android-ndk-r15b/sysroot/usr/include/aarch64-linux-android -D__ANDROID_API__=21 -g -DANDROID -ffunction-sections -funwind-tables -fstack-protector-strong -no-canonical-prefixes -Wa,--noexecstack -Wformat -Werror=format-security    -O0 -fno-limit-debug-info  -fPIE   -o CMakeFiles/cmTC_38b49.dir/CMakeCXXCompilerABI.cpp.o -c /usr/share/cmake-3.10/Modules/CMakeCXXCompilerABI.cpp]
  ignore line: [Linking CXX executable cmTC_38b49]
  ignore line: [/usr/bin/cmake -E cmake_link_script CMakeFiles/cmTC_38b49.dir/link.txt --verbose=1]
  ignore line: [/opt/android-ndk-r15b/toolchains/llvm/prebuilt/linux-x86_64/bin/clang++ --target=aarch64-none-linux-android --gcc-toolchain=/opt/android-ndk-r15b/toolchains/aarch64-linux-android-4.9/prebuilt/linux-x86_64 --sysroot=/opt/android-ndk-r15b/sysroot  -isystem /opt/android-ndk-r15b/sysroot/usr/include/aarch64-linux-android -D__ANDROID_API__=21 -g -DANDROID -ffunction-sections -funwind-tables -fstack-protector-strong -no-canonical-prefixes -Wa,--noexecstack -Wformat -Werror=format-security    -O0 -fno-limit-debug-info   -Wl,--exclude-libs,libgcc.a --sysroot /opt/android-ndk-r15b/platforms/android-21/arch-arm64 -Wl,--build-id -Wl,--warn-shared-textrel -Wl,--fatal-warnings -Wl,--no-undefined -Wl,-z,noexecstack -Qunused-arguments -Wl,-z,relro -Wl,-z,now -Wl,--gc-sections -Wl,-z,nocopyreloc -pie -fPIE  -v CMakeFiles/cmTC_38b49.dir/CMakeCXXCompilerABI.cpp.o  -o cmTC_38b49 ]
  ignore line: [Android clang version 5.0.300080  (based on LLVM 5.0.300080)]
  ignore line: [Target: aarch64-none-linux-android]
  ignore line: [Thread model: posix]
  ignore line: [InstalledDir: /opt/android-ndk-r15b/toolchains/llvm/prebuilt/linux-x86_64/bin]
  ignore line: [Found candidate GCC installation: /opt/android-ndk-r15b/toolchains/aarch64-linux-android-4.9/prebuilt/linux-x86_64/lib/gcc/aarch64-linux-android/4.9.x]
  ignore line: [Selected GCC installation: /opt/android-ndk-r15b/toolchains/aarch64-linux-android-4.9/prebuilt/linux-x86_64/lib/gcc/aarch64-linux-android/4.9.x]
  ignore line: [Candidate multilib: .]
  ignore line: [@m64]
  ignore line: [Selected multilib: .]
  ignore line: [@m64]
  link line: [ "/opt/android-ndk-r15b/toolchains/aarch64-linux-android-4.9/prebuilt/linux-x86_64/lib/gcc/aarch64-linux-android/4.9.x/../../../../aarch64-linux-android/bin/ld" --sysroot=/opt/android-ndk-r15b/platforms/android-21/arch-arm64 -pie --fix-cortex-a53-843419 --eh-frame-hdr -m aarch64linux -dynamic-linker /system/bin/linker64 -o cmTC_38b49 /opt/android-ndk-r15b/platforms/android-21/arch-arm64/usr/lib/crtbegin_dynamic.o -L/opt/android-ndk-r15b/toolchains/llvm/prebuilt/linux-x86_64/lib64/clang/5.0.300080/lib/linux/aarch64 -L/opt/android-ndk-r15b/toolchains/aarch64-linux-android-4.9/prebuilt/linux-x86_64/lib/gcc/aarch64-linux-android/4.9.x -L/opt/android-ndk-r15b/toolchains/aarch64-linux-android-4.9/prebuilt/linux-x86_64/lib/gcc/aarch64-linux-android/4.9.x/../../../../aarch64-linux-android/lib/../lib64 -L/opt/android-ndk-r15b/toolchains/aarch64-linux-android-4.9/prebuilt/linux-x86_64/lib/gcc/aarch64-linux-android/4.9.x/../../../../aarch64-linux-android/lib -L/opt/android-ndk-r15b/platforms/android-21/arch-arm64/usr/lib --exclude-libs libgcc.a --build-id --warn-shared-textrel --fatal-warnings --no-undefined -z noexecstack -z relro -z now --gc-sections -z nocopyreloc CMakeFiles/cmTC_38b49.dir/CMakeCXXCompilerABI.cpp.o -lstdc++ -lm -lgcc -lgcc -ldl -lc -lgcc -lgcc -ldl /opt/android-ndk-r15b/platforms/android-21/arch-arm64/usr/lib/crtend_android.o]
    arg [/opt/android-ndk-r15b/toolchains/aarch64-linux-android-4.9/prebuilt/linux-x86_64/lib/gcc/aarch64-linux-android/4.9.x/../../../../aarch64-linux-android/bin/ld] ==> ignore
    arg [--sysroot=/opt/android-ndk-r15b/platforms/android-21/arch-arm64] ==> ignore
    arg [-pie] ==> ignore
    arg [--fix-cortex-a53-843419] ==> ignore
    arg [--eh-frame-hdr] ==> ignore
    arg [-m] ==> ignore
    arg [aarch64linux] ==> ignore
    arg [-dynamic-linker] ==> ignore
    arg [/system/bin/linker64] ==> ignore
    arg [-o] ==> ignore
    arg [cmTC_38b49] ==> ignore
    arg [/opt/android-ndk-r15b/platforms/android-21/arch-arm64/usr/lib/crtbegin_dynamic.o] ==> ignore
    arg [-L/opt/android-ndk-r15b/toolchains/llvm/prebuilt/linux-x86_64/lib64/clang/5.0.300080/lib/linux/aarch64] ==> dir [/opt/android-ndk-r15b/toolchains/llvm/prebuilt/linux-x86_64/lib64/clang/5.0.300080/lib/linux/aarch64]
    arg [-L/opt/android-ndk-r15b/toolchains/aarch64-linux-android-4.9/prebuilt/linux-x86_64/lib/gcc/aarch64-linux-android/4.9.x] ==> dir [/opt/android-ndk-r15b/toolchains/aarch64-linux-android-4.9/prebuilt/linux-x86_64/lib/gcc/aarch64-linux-android/4.9.x]
    arg [-L/opt/android-ndk-r15b/toolchains/aarch64-linux-android-4.9/prebuilt/linux-x86_64/lib/gcc/aarch64-linux-android/4.9.x/../../../../aarch64-linux-android/lib/../lib64] ==> dir [/opt/android-ndk-r15b/toolchains/aarch64-linux-android-4.9/prebuilt/linux-x86_64/lib/gcc/aarch64-linux-android/4.9.x/../../../../aarch64-linux-android/lib/../lib64]
    arg [-L/opt/android-ndk-r15b/toolchains/aarch64-linux-android-4.9/prebuilt/linux-x86_64/lib/gcc/aarch64-linux-android/4.9.x/../../../../aarch64-linux-android/lib] ==> dir [/opt/android-ndk-r15b/toolchains/aarch64-linux-android-4.9/prebuilt/linux-x86_64/lib/gcc/aarch64-linux-android/4.9.x/../../../../aarch64-linux-android/lib]
    arg [-L/opt/android-ndk-r15b/platforms/android-21/arch-arm64/usr/lib] ==> dir [/opt/android-ndk-r15b/platforms/android-21/arch-arm64/usr/lib]
    arg [--exclude-libs] ==> ignore
    arg [libgcc.a] ==> ignore
    arg [--build-id] ==> ignore
    arg [--warn-shared-textrel] ==> ignore
    arg [--fatal-warnings] ==> ignore
    arg [--no-undefined] ==> ignore
    arg [-znoexecstack] ==> ignore
    arg [-zrelro] ==> ignore
    arg [-znow] ==> ignore
    arg [--gc-sections] ==> ignore
    arg [-znocopyreloc] ==> ignore
    arg [CMakeFiles/cmTC_38b49.dir/CMakeCXXCompilerABI.cpp.o] ==> ignore
    arg [-lstdc++] ==> lib [stdc++]
    arg [-lm] ==> lib [m]
    arg [-lgcc] ==> lib [gcc]
    arg [-lgcc] ==> lib [gcc]
    arg [-ldl] ==> lib [dl]
    arg [-lc] ==> lib [c]
    arg [-lgcc] ==> lib [gcc]
    arg [-lgcc] ==> lib [gcc]
    arg [-ldl] ==> lib [dl]
    arg [/opt/android-ndk-r15b/platforms/android-21/arch-arm64/usr/lib/crtend_android.o] ==> ignore
  collapse library dir [/opt/android-ndk-r15b/toolchains/llvm/prebuilt/linux-x86_64/lib64/clang/5.0.300080/lib/linux/aarch64] ==> [/opt/android-ndk-r15b/toolchains/llvm/prebuilt/linux-x86_64/lib64/clang/5.0.300080/lib/linux/aarch64]
  collapse library dir [/opt/android-ndk-r15b/toolchains/aarch64-linux-android-4.9/prebuilt/linux-x86_64/lib/gcc/aarch64-linux-android/4.9.x] ==> [/opt/android-ndk-r15b/toolchains/aarch64-linux-android-4.9/prebuilt/linux-x86_64/lib/gcc/aarch64-linux-android/4.9.x]
  collapse library dir [/opt/android-ndk-r15b/toolchains/aarch64-linux-android-4.9/prebuilt/linux-x86_64/lib/gcc/aarch64-linux-android/4.9.x/../../../../aarch64-linux-android/lib/../lib64] ==> [/opt/android-ndk-r15b/toolchains/aarch64-linux-android-4.9/prebuilt/linux-x86_64/aarch64-linux-android/lib64]
  collapse library dir [/opt/android-ndk-r15b/toolchains/aarch64-linux-android-4.9/prebuilt/linux-x86_64/lib/gcc/aarch64-linux-android/4.9.x/../../../../aarch64-linux-android/lib] ==> [/opt/android-ndk-r15b/toolchains/aarch64-linux-android-4.9/prebuilt/linux-x86_64/aarch64-linux-android/lib]
  collapse library dir [/opt/android-ndk-r15b/platforms/android-21/arch-arm64/usr/lib] ==> [/opt/android-ndk-r15b/platforms/android-21/arch-arm64/usr/lib]
  implicit libs: [stdc++;m;gcc;gcc;dl;c;gcc;gcc;dl]
  implicit dirs: [/opt/android-ndk-r15b/toolchains/llvm/prebuilt/linux-x86_64/lib64/clang/5.0.300080/lib/linux/aarch64;/opt/android-ndk-r15b/toolchains/aarch64-linux-android-4.9/prebuilt/linux-x86_64/lib/gcc/aarch64-linux-android/4.9.x;/opt/android-ndk-r15b/toolchains/aarch64-linux-android-4.9/prebuilt/linux-x86_64/aarch64-linux-android/lib64;/opt/android-ndk-r15b/toolchains/aarch64-linux-android-4.9/prebuilt/linux-x86_64/aarch64-linux-android/lib;/opt/android-ndk-r15b/platforms/android-21/arch-arm64/usr/lib]
  implicit fwks: []




Detecting CXX [-std=c++1z] compiler features compiled with the following output:
Change Dir: /home/alok/DATA-WS/ws/tacotron-tts-cpp/build/CMakeFiles/CMakeTmp

Run Build Command:"/usr/bin/make" "cmTC_4135f/fast"
/usr/bin/make -f CMakeFiles/cmTC_4135f.dir/build.make CMakeFiles/cmTC_4135f.dir/build
make[1]: Entering directory '/home/alok/DATA-WS/ws/tacotron-tts-cpp/build/CMakeFiles/CMakeTmp'
Building CXX object CMakeFiles/cmTC_4135f.dir/feature_tests.cxx.o
/opt/android-ndk-r15b/toolchains/llvm/prebuilt/linux-x86_64/bin/clang++ --target=aarch64-none-linux-android --gcc-toolchain=/opt/android-ndk-r15b/toolchains/aarch64-linux-android-4.9/prebuilt/linux-x86_64 --sysroot=/opt/android-ndk-r15b/sysroot   -isystem /opt/android-ndk-r15b/sources/cxx-stl/gnu-libstdc++/4.9/include -isystem /opt/android-ndk-r15b/sources/cxx-stl/gnu-libstdc++/4.9/libs/arm64-v8a/include -isystem /opt/android-ndk-r15b/sources/cxx-stl/gnu-libstdc++/4.9/include/backward -isystem /opt/android-ndk-r15b/sources/cxx-stl/gnu-libstdc++/4.9/include -isystem /opt/android-ndk-r15b/sources/cxx-stl/gnu-libstdc++/4.9/libs/arm64-v8a/include -isystem /opt/android-ndk-r15b/sources/cxx-stl/gnu-libstdc++/4.9/include/backward -isystem /opt/android-ndk-r15b/sysroot/usr/include -isystem /opt/android-ndk-r15b/sysroot/usr/include/aarch64-linux-android  -isystem /opt/android-ndk-r15b/sysroot/usr/include/aarch64-linux-android -D__ANDROID_API__=21 -g -DANDROID -ffunction-sections -funwind-tables -fstack-protector-strong -no-canonical-prefixes -Wa,--noexecstack -Wformat -Werror=format-security    -O0 -fno-limit-debug-info  -fPIE   -std=c++1z -o CMakeFiles/cmTC_4135f.dir/feature_tests.cxx.o -c /home/alok/DATA-WS/ws/tacotron-tts-cpp/build/CMakeFiles/feature_tests.cxx
Linking CXX executable cmTC_4135f
/usr/bin/cmake -E cmake_link_script CMakeFiles/cmTC_4135f.dir/link.txt --verbose=1
/opt/android-ndk-r15b/toolchains/llvm/prebuilt/linux-x86_64/bin/clang++ --target=aarch64-none-linux-android --gcc-toolchain=/opt/android-ndk-r15b/toolchains/aarch64-linux-android-4.9/prebuilt/linux-x86_64 --sysroot=/opt/android-ndk-r15b/sysroot  -isystem /opt/android-ndk-r15b/sysroot/usr/include/aarch64-linux-android -D__ANDROID_API__=21 -g -DANDROID -ffunction-sections -funwind-tables -fstack-protector-strong -no-canonical-prefixes -Wa,--noexecstack -Wformat -Werror=format-security    -O0 -fno-limit-debug-info   -Wl,--exclude-libs,libgcc.a --sysroot /opt/android-ndk-r15b/platforms/android-21/arch-arm64 -Wl,--build-id -Wl,--warn-shared-textrel -Wl,--fatal-warnings -Wl,--no-undefined -Wl,-z,noexecstack -Qunused-arguments -Wl,-z,relro -Wl,-z,now -Wl,--gc-sections -Wl,-z,nocopyreloc -pie -fPIE   CMakeFiles/cmTC_4135f.dir/feature_tests.cxx.o  -o cmTC_4135f -lm "/opt/android-ndk-r15b/sources/cxx-stl/gnu-libstdc++/4.9/libs/arm64-v8a/libgnustl_static.a" 
make[1]: Leaving directory '/home/alok/DATA-WS/ws/tacotron-tts-cpp/build/CMakeFiles/CMakeTmp'


    Feature record: CXX_FEATURE:1cxx_aggregate_default_initializers
    Feature record: CXX_FEATURE:1cxx_alias_templates
    Feature record: CXX_FEATURE:1cxx_alignas
    Feature record: CXX_FEATURE:1cxx_alignof
    Feature record: CXX_FEATURE:1cxx_attributes
    Feature record: CXX_FEATURE:1cxx_attribute_deprecated
    Feature record: CXX_FEATURE:1cxx_auto_type
    Feature record: CXX_FEATURE:1cxx_binary_literals
    Feature record: CXX_FEATURE:1cxx_constexpr
    Feature record: CXX_FEATURE:1cxx_contextual_conversions
    Feature record: CXX_FEATURE:1cxx_decltype
    Feature record: CXX_FEATURE:1cxx_decltype_auto
    Feature record: CXX_FEATURE:1cxx_decltype_incomplete_return_types
    Feature record: CXX_FEATURE:1cxx_default_function_template_args
    Feature record: CXX_FEATURE:1cxx_defaulted_functions
    Feature record: CXX_FEATURE:1cxx_defaulted_move_initializers
    Feature record: CXX_FEATURE:1cxx_delegating_constructors
    Feature record: CXX_FEATURE:1cxx_deleted_functions
    Feature record: CXX_FEATURE:1cxx_digit_separators
    Feature record: CXX_FEATURE:1cxx_enum_forward_declarations
    Feature record: CXX_FEATURE:1cxx_explicit_conversions
    Feature record: CXX_FEATURE:1cxx_extended_friend_declarations
    Feature record: CXX_FEATURE:1cxx_extern_templates
    Feature record: CXX_FEATURE:1cxx_final
    Feature record: CXX_FEATURE:1cxx_func_identifier
    Feature record: CXX_FEATURE:1cxx_generalized_initializers
    Feature record: CXX_FEATURE:1cxx_generic_lambdas
    Feature record: CXX_FEATURE:1cxx_inheriting_constructors
    Feature record: CXX_FEATURE:1cxx_inline_namespaces
    Feature record: CXX_FEATURE:1cxx_lambdas
    Feature record: CXX_FEATURE:1cxx_lambda_init_captures
    Feature record: CXX_FEATURE:1cxx_local_type_template_args
    Feature record: CXX_FEATURE:1cxx_long_long_type
    Feature record: CXX_FEATURE:1cxx_noexcept
    Feature record: CXX_FEATURE:1cxx_nonstatic_member_init
    Feature record: CXX_FEATURE:1cxx_nullptr
    Feature record: CXX_FEATURE:1cxx_override
    Feature record: CXX_FEATURE:1cxx_range_for
    Feature record: CXX_FEATURE:1cxx_raw_string_literals
    Feature record: CXX_FEATURE:1cxx_reference_qualified_functions
    Feature record: CXX_FEATURE:1cxx_relaxed_constexpr
    Feature record: CXX_FEATURE:1cxx_return_type_deduction
    Feature record: CXX_FEATURE:1cxx_right_angle_brackets
    Feature record: CXX_FEATURE:1cxx_rvalue_references
    Feature record: CXX_FEATURE:1cxx_sizeof_member
    Feature record: CXX_FEATURE:1cxx_static_assert
    Feature record: CXX_FEATURE:1cxx_strong_enums
    Feature record: CXX_FEATURE:1cxx_template_template_parameters
    Feature record: CXX_FEATURE:1cxx_thread_local
    Feature record: CXX_FEATURE:1cxx_trailing_return_types
    Feature record: CXX_FEATURE:1cxx_unicode_literals
    Feature record: CXX_FEATURE:1cxx_uniform_initialization
    Feature record: CXX_FEATURE:1cxx_unrestricted_unions
    Feature record: CXX_FEATURE:1cxx_user_literals
    Feature record: CXX_FEATURE:1cxx_variable_templates
    Feature record: CXX_FEATURE:1cxx_variadic_macros
    Feature record: CXX_FEATURE:1cxx_variadic_templates


Detecting CXX [-std=c++14] compiler features compiled with the following output:
Change Dir: /home/alok/DATA-WS/ws/tacotron-tts-cpp/build/CMakeFiles/CMakeTmp

Run Build Command:"/usr/bin/make" "cmTC_5846d/fast"
/usr/bin/make -f CMakeFiles/cmTC_5846d.dir/build.make CMakeFiles/cmTC_5846d.dir/build
make[1]: Entering directory '/home/alok/DATA-WS/ws/tacotron-tts-cpp/build/CMakeFiles/CMakeTmp'
Building CXX object CMakeFiles/cmTC_5846d.dir/feature_tests.cxx.o
/opt/android-ndk-r15b/toolchains/llvm/prebuilt/linux-x86_64/bin/clang++ --target=aarch64-none-linux-android --gcc-toolchain=/opt/android-ndk-r15b/toolchains/aarch64-linux-android-4.9/prebuilt/linux-x86_64 --sysroot=/opt/android-ndk-r15b/sysroot   -isystem /opt/android-ndk-r15b/sources/cxx-stl/gnu-libstdc++/4.9/include -isystem /opt/android-ndk-r15b/sources/cxx-stl/gnu-libstdc++/4.9/libs/arm64-v8a/include -isystem /opt/android-ndk-r15b/sources/cxx-stl/gnu-libstdc++/4.9/include/backward -isystem /opt/android-ndk-r15b/sources/cxx-stl/gnu-libstdc++/4.9/include -isystem /opt/android-ndk-r15b/sources/cxx-stl/gnu-libstdc++/4.9/libs/arm64-v8a/include -isystem /opt/android-ndk-r15b/sources/cxx-stl/gnu-libstdc++/4.9/include/backward -isystem /opt/android-ndk-r15b/sysroot/usr/include -isystem /opt/android-ndk-r15b/sysroot/usr/include/aarch64-linux-android  -isystem /opt/android-ndk-r15b/sysroot/usr/include/aarch64-linux-android -D__ANDROID_API__=21 -g -DANDROID -ffunction-sections -funwind-tables -fstack-protector-strong -no-canonical-prefixes -Wa,--noexecstack -Wformat -Werror=format-security    -O0 -fno-limit-debug-info  -fPIE   -std=c++14 -o CMakeFiles/cmTC_5846d.dir/feature_tests.cxx.o -c /home/alok/DATA-WS/ws/tacotron-tts-cpp/build/CMakeFiles/feature_tests.cxx
Linking CXX executable cmTC_5846d
/usr/bin/cmake -E cmake_link_script CMakeFiles/cmTC_5846d.dir/link.txt --verbose=1
/opt/android-ndk-r15b/toolchains/llvm/prebuilt/linux-x86_64/bin/clang++ --target=aarch64-none-linux-android --gcc-toolchain=/opt/android-ndk-r15b/toolchains/aarch64-linux-android-4.9/prebuilt/linux-x86_64 --sysroot=/opt/android-ndk-r15b/sysroot  -isystem /opt/android-ndk-r15b/sysroot/usr/include/aarch64-linux-android -D__ANDROID_API__=21 -g -DANDROID -ffunction-sections -funwind-tables -fstack-protector-strong -no-canonical-prefixes -Wa,--noexecstack -Wformat -Werror=format-security    -O0 -fno-limit-debug-info   -Wl,--exclude-libs,libgcc.a --sysroot /opt/android-ndk-r15b/platforms/android-21/arch-arm64 -Wl,--build-id -Wl,--warn-shared-textrel -Wl,--fatal-warnings -Wl,--no-undefined -Wl,-z,noexecstack -Qunused-arguments -Wl,-z,relro -Wl,-z,now -Wl,--gc-sections -Wl,-z,nocopyreloc -pie -fPIE   CMakeFiles/cmTC_5846d.dir/feature_tests.cxx.o  -o cmTC_5846d -lm "/opt/android-ndk-r15b/sources/cxx-stl/gnu-libstdc++/4.9/libs/arm64-v8a/libgnustl_static.a" 
make[1]: Leaving directory '/home/alok/DATA-WS/ws/tacotron-tts-cpp/build/CMakeFiles/CMakeTmp'


    Feature record: CXX_FEATURE:1cxx_aggregate_default_initializers
    Feature record: CXX_FEATURE:1cxx_alias_templates
    Feature record: CXX_FEATURE:1cxx_alignas
    Feature record: CXX_FEATURE:1cxx_alignof
    Feature record: CXX_FEATURE:1cxx_attributes
    Feature record: CXX_FEATURE:1cxx_attribute_deprecated
    Feature record: CXX_FEATURE:1cxx_auto_type
    Feature record: CXX_FEATURE:1cxx_binary_literals
    Feature record: CXX_FEATURE:1cxx_constexpr
    Feature record: CXX_FEATURE:1cxx_contextual_conversions
    Feature record: CXX_FEATURE:1cxx_decltype
    Feature record: CXX_FEATURE:1cxx_decltype_auto
    Feature record: CXX_FEATURE:1cxx_decltype_incomplete_return_types
    Feature record: CXX_FEATURE:1cxx_default_function_template_args
    Feature record: CXX_FEATURE:1cxx_defaulted_functions
    Feature record: CXX_FEATURE:1cxx_defaulted_move_initializers
    Feature record: CXX_FEATURE:1cxx_delegating_constructors
    Feature record: CXX_FEATURE:1cxx_deleted_functions
    Feature record: CXX_FEATURE:1cxx_digit_separators
    Feature record: CXX_FEATURE:1cxx_enum_forward_declarations
    Feature record: CXX_FEATURE:1cxx_explicit_conversions
    Feature record: CXX_FEATURE:1cxx_extended_friend_declarations
    Feature record: CXX_FEATURE:1cxx_extern_templates
    Feature record: CXX_FEATURE:1cxx_final
    Feature record: CXX_FEATURE:1cxx_func_identifier
    Feature record: CXX_FEATURE:1cxx_generalized_initializers
    Feature record: CXX_FEATURE:1cxx_generic_lambdas
    Feature record: CXX_FEATURE:1cxx_inheriting_constructors
    Feature record: CXX_FEATURE:1cxx_inline_namespaces
    Feature record: CXX_FEATURE:1cxx_lambdas
    Feature record: CXX_FEATURE:1cxx_lambda_init_captures
    Feature record: CXX_FEATURE:1cxx_local_type_template_args
    Feature record: CXX_FEATURE:1cxx_long_long_type
    Feature record: CXX_FEATURE:1cxx_noexcept
    Feature record: CXX_FEATURE:1cxx_nonstatic_member_init
    Feature record: CXX_FEATURE:1cxx_nullptr
    Feature record: CXX_FEATURE:1cxx_override
    Feature record: CXX_FEATURE:1cxx_range_for
    Feature record: CXX_FEATURE:1cxx_raw_string_literals
    Feature record: CXX_FEATURE:1cxx_reference_qualified_functions
    Feature record: CXX_FEATURE:1cxx_relaxed_constexpr
    Feature record: CXX_FEATURE:1cxx_return_type_deduction
    Feature record: CXX_FEATURE:1cxx_right_angle_brackets
    Feature record: CXX_FEATURE:1cxx_rvalue_references
    Feature record: CXX_FEATURE:1cxx_sizeof_member
    Feature record: CXX_FEATURE:1cxx_static_assert
    Feature record: CXX_FEATURE:1cxx_strong_enums
    Feature record: CXX_FEATURE:1cxx_template_template_parameters
    Feature record: CXX_FEATURE:1cxx_thread_local
    Feature record: CXX_FEATURE:1cxx_trailing_return_types
    Feature record: CXX_FEATURE:1cxx_unicode_literals
    Feature record: CXX_FEATURE:1cxx_uniform_initialization
    Feature record: CXX_FEATURE:1cxx_unrestricted_unions
    Feature record: CXX_FEATURE:1cxx_user_literals
    Feature record: CXX_FEATURE:1cxx_variable_templates
    Feature record: CXX_FEATURE:1cxx_variadic_macros
    Feature record: CXX_FEATURE:1cxx_variadic_templates


Detecting CXX [-std=c++11] compiler features compiled with the following output:
Change Dir: /home/alok/DATA-WS/ws/tacotron-tts-cpp/build/CMakeFiles/CMakeTmp

Run Build Command:"/usr/bin/make" "cmTC_2ae05/fast"
/usr/bin/make -f CMakeFiles/cmTC_2ae05.dir/build.make CMakeFiles/cmTC_2ae05.dir/build
make[1]: Entering directory '/home/alok/DATA-WS/ws/tacotron-tts-cpp/build/CMakeFiles/CMakeTmp'
Building CXX object CMakeFiles/cmTC_2ae05.dir/feature_tests.cxx.o
/opt/android-ndk-r15b/toolchains/llvm/prebuilt/linux-x86_64/bin/clang++ --target=aarch64-none-linux-android --gcc-toolchain=/opt/android-ndk-r15b/toolchains/aarch64-linux-android-4.9/prebuilt/linux-x86_64 --sysroot=/opt/android-ndk-r15b/sysroot   -isystem /opt/android-ndk-r15b/sources/cxx-stl/gnu-libstdc++/4.9/include -isystem /opt/android-ndk-r15b/sources/cxx-stl/gnu-libstdc++/4.9/libs/arm64-v8a/include -isystem /opt/android-ndk-r15b/sources/cxx-stl/gnu-libstdc++/4.9/include/backward -isystem /opt/android-ndk-r15b/sources/cxx-stl/gnu-libstdc++/4.9/include -isystem /opt/android-ndk-r15b/sources/cxx-stl/gnu-libstdc++/4.9/libs/arm64-v8a/include -isystem /opt/android-ndk-r15b/sources/cxx-stl/gnu-libstdc++/4.9/include/backward -isystem /opt/android-ndk-r15b/sysroot/usr/include -isystem /opt/android-ndk-r15b/sysroot/usr/include/aarch64-linux-android  -isystem /opt/android-ndk-r15b/sysroot/usr/include/aarch64-linux-android -D__ANDROID_API__=21 -g -DANDROID -ffunction-sections -funwind-tables -fstack-protector-strong -no-canonical-prefixes -Wa,--noexecstack -Wformat -Werror=format-security    -O0 -fno-limit-debug-info  -fPIE   -std=c++11 -o CMakeFiles/cmTC_2ae05.dir/feature_tests.cxx.o -c /home/alok/DATA-WS/ws/tacotron-tts-cpp/build/CMakeFiles/feature_tests.cxx
Linking CXX executable cmTC_2ae05
/usr/bin/cmake -E cmake_link_script CMakeFiles/cmTC_2ae05.dir/link.txt --verbose=1
/opt/android-ndk-r15b/toolchains/llvm/prebuilt/linux-x86_64/bin/clang++ --target=aarch64-none-linux-android --gcc-toolchain=/opt/android-ndk-r15b/toolchains/aarch64-linux-android-4.9/prebuilt/linux-x86_64 --sysroot=/opt/android-ndk-r15b/sysroot  -isystem /opt/android-ndk-r15b/sysroot/usr/include/aarch64-linux-android -D__ANDROID_API__=21 -g -DANDROID -ffunction-sections -funwind-tables -fstack-protector-strong -no-canonical-prefixes -Wa,--noexecstack -Wformat -Werror=format-security    -O0 -fno-limit-debug-info   -Wl,--exclude-libs,libgcc.a --sysroot /opt/android-ndk-r15b/platforms/android-21/arch-arm64 -Wl,--build-id -Wl,--warn-shared-textrel -Wl,--fatal-warnings -Wl,--no-undefined -Wl,-z,noexecstack -Qunused-arguments -Wl,-z,relro -Wl,-z,now -Wl,--gc-sections -Wl,-z,nocopyreloc -pie -fPIE   CMakeFiles/cmTC_2ae05.dir/feature_tests.cxx.o  -o cmTC_2ae05 -lm "/opt/android-ndk-r15b/sources/cxx-stl/gnu-libstdc++/4.9/libs/arm64-v8a/libgnustl_static.a" 
make[1]: Leaving directory '/home/alok/DATA-WS/ws/tacotron-tts-cpp/build/CMakeFiles/CMakeTmp'


    Feature record: CXX_FEATURE:0cxx_aggregate_default_initializers
    Feature record: CXX_FEATURE:1cxx_alias_templates
    Feature record: CXX_FEATURE:1cxx_alignas
    Feature record: CXX_FEATURE:1cxx_alignof
    Feature record: CXX_FEATURE:1cxx_attributes
    Feature record: CXX_FEATURE:0cxx_attribute_deprecated
    Feature record: CXX_FEATURE:1cxx_auto_type
    Feature record: CXX_FEATURE:0cxx_binary_literals
    Feature record: CXX_FEATURE:1cxx_constexpr
    Feature record: CXX_FEATURE:0cxx_contextual_conversions
    Feature record: CXX_FEATURE:1cxx_decltype
    Feature record: CXX_FEATURE:0cxx_decltype_auto
    Feature record: CXX_FEATURE:1cxx_decltype_incomplete_return_types
    Feature record: CXX_FEATURE:1cxx_default_function_template_args
    Feature record: CXX_FEATURE:1cxx_defaulted_functions
    Feature record: CXX_FEATURE:1cxx_defaulted_move_initializers
    Feature record: CXX_FEATURE:1cxx_delegating_constructors
    Feature record: CXX_FEATURE:1cxx_deleted_functions
    Feature record: CXX_FEATURE:0cxx_digit_separators
    Feature record: CXX_FEATURE:1cxx_enum_forward_declarations
    Feature record: CXX_FEATURE:1cxx_explicit_conversions
    Feature record: CXX_FEATURE:1cxx_extended_friend_declarations
    Feature record: CXX_FEATURE:1cxx_extern_templates
    Feature record: CXX_FEATURE:1cxx_final
    Feature record: CXX_FEATURE:1cxx_func_identifier
    Feature record: CXX_FEATURE:1cxx_generalized_initializers
    Feature record: CXX_FEATURE:0cxx_generic_lambdas
    Feature record: CXX_FEATURE:1cxx_inheriting_constructors
    Feature record: CXX_FEATURE:1cxx_inline_namespaces
    Feature record: CXX_FEATURE:1cxx_lambdas
    Feature record: CXX_FEATURE:0cxx_lambda_init_captures
    Feature record: CXX_FEATURE:1cxx_local_type_template_args
    Feature record: CXX_FEATURE:1cxx_long_long_type
    Feature record: CXX_FEATURE:1cxx_noexcept
    Feature record: CXX_FEATURE:1cxx_nonstatic_member_init
    Feature record: CXX_FEATURE:1cxx_nullptr
    Feature record: CXX_FEATURE:1cxx_override
    Feature record: CXX_FEATURE:1cxx_range_for
    Feature record: CXX_FEATURE:1cxx_raw_string_literals
    Feature record: CXX_FEATURE:1cxx_reference_qualified_functions
    Feature record: CXX_FEATURE:0cxx_relaxed_constexpr
    Feature record: CXX_FEATURE:0cxx_return_type_deduction
    Feature record: CXX_FEATURE:1cxx_right_angle_brackets
    Feature record: CXX_FEATURE:1cxx_rvalue_references
    Feature record: CXX_FEATURE:1cxx_sizeof_member
    Feature record: CXX_FEATURE:1cxx_static_assert
    Feature record: CXX_FEATURE:1cxx_strong_enums
    Feature record: CXX_FEATURE:1cxx_template_template_parameters
    Feature record: CXX_FEATURE:1cxx_thread_local
    Feature record: CXX_FEATURE:1cxx_trailing_return_types
    Feature record: CXX_FEATURE:1cxx_unicode_literals
    Feature record: CXX_FEATURE:1cxx_uniform_initialization
    Feature record: CXX_FEATURE:1cxx_unrestricted_unions
    Feature record: CXX_FEATURE:1cxx_user_literals
    Feature record: CXX_FEATURE:0cxx_variable_templates
    Feature record: CXX_FEATURE:1cxx_variadic_macros
    Feature record: CXX_FEATURE:1cxx_variadic_templates


Detecting CXX [-std=c++98] compiler features compiled with the following output:
Change Dir: /home/alok/DATA-WS/ws/tacotron-tts-cpp/build/CMakeFiles/CMakeTmp

Run Build Command:"/usr/bin/make" "cmTC_4fd0a/fast"
/usr/bin/make -f CMakeFiles/cmTC_4fd0a.dir/build.make CMakeFiles/cmTC_4fd0a.dir/build
make[1]: Entering directory '/home/alok/DATA-WS/ws/tacotron-tts-cpp/build/CMakeFiles/CMakeTmp'
Building CXX object CMakeFiles/cmTC_4fd0a.dir/feature_tests.cxx.o
/opt/android-ndk-r15b/toolchains/llvm/prebuilt/linux-x86_64/bin/clang++ --target=aarch64-none-linux-android --gcc-toolchain=/opt/android-ndk-r15b/toolchains/aarch64-linux-android-4.9/prebuilt/linux-x86_64 --sysroot=/opt/android-ndk-r15b/sysroot   -isystem /opt/android-ndk-r15b/sources/cxx-stl/gnu-libstdc++/4.9/include -isystem /opt/android-ndk-r15b/sources/cxx-stl/gnu-libstdc++/4.9/libs/arm64-v8a/include -isystem /opt/android-ndk-r15b/sources/cxx-stl/gnu-libstdc++/4.9/include/backward -isystem /opt/android-ndk-r15b/sources/cxx-stl/gnu-libstdc++/4.9/include -isystem /opt/android-ndk-r15b/sources/cxx-stl/gnu-libstdc++/4.9/libs/arm64-v8a/include -isystem /opt/android-ndk-r15b/sources/cxx-stl/gnu-libstdc++/4.9/include/backward -isystem /opt/android-ndk-r15b/sysroot/usr/include -isystem /opt/android-ndk-r15b/sysroot/usr/include/aarch64-linux-android  -isystem /opt/android-ndk-r15b/sysroot/usr/include/aarch64-linux-android -D__ANDROID_API__=21 -g -DANDROID -ffunction-sections -funwind-tables -fstack-protector-strong -no-canonical-prefixes -Wa,--noexecstack -Wformat -Werror=format-security    -O0 -fno-limit-debug-info  -fPIE   -std=c++98 -o CMakeFiles/cmTC_4fd0a.dir/feature_tests.cxx.o -c /home/alok/DATA-WS/ws/tacotron-tts-cpp/build/CMakeFiles/feature_tests.cxx
Linking CXX executable cmTC_4fd0a
/usr/bin/cmake -E cmake_link_script CMakeFiles/cmTC_4fd0a.dir/link.txt --verbose=1
/opt/android-ndk-r15b/toolchains/llvm/prebuilt/linux-x86_64/bin/clang++ --target=aarch64-none-linux-android --gcc-toolchain=/opt/android-ndk-r15b/toolchains/aarch64-linux-android-4.9/prebuilt/linux-x86_64 --sysroot=/opt/android-ndk-r15b/sysroot  -isystem /opt/android-ndk-r15b/sysroot/usr/include/aarch64-linux-android -D__ANDROID_API__=21 -g -DANDROID -ffunction-sections -funwind-tables -fstack-protector-strong -no-canonical-prefixes -Wa,--noexecstack -Wformat -Werror=format-security    -O0 -fno-limit-debug-info   -Wl,--exclude-libs,libgcc.a --sysroot /opt/android-ndk-r15b/platforms/android-21/arch-arm64 -Wl,--build-id -Wl,--warn-shared-textrel -Wl,--fatal-warnings -Wl,--no-undefined -Wl,-z,noexecstack -Qunused-arguments -Wl,-z,relro -Wl,-z,now -Wl,--gc-sections -Wl,-z,nocopyreloc -pie -fPIE   CMakeFiles/cmTC_4fd0a.dir/feature_tests.cxx.o  -o cmTC_4fd0a -lm "/opt/android-ndk-r15b/sources/cxx-stl/gnu-libstdc++/4.9/libs/arm64-v8a/libgnustl_static.a" 
make[1]: Leaving directory '/home/alok/DATA-WS/ws/tacotron-tts-cpp/build/CMakeFiles/CMakeTmp'


    Feature record: CXX_FEATURE:0cxx_aggregate_default_initializers
    Feature record: CXX_FEATURE:0cxx_alias_templates
    Feature record: CXX_FEATURE:0cxx_alignas
    Feature record: CXX_FEATURE:0cxx_alignof
    Feature record: CXX_FEATURE:0cxx_attributes
    Feature record: CXX_FEATURE:0cxx_attribute_deprecated
    Feature record: CXX_FEATURE:0cxx_auto_type
    Feature record: CXX_FEATURE:0cxx_binary_literals
    Feature record: CXX_FEATURE:0cxx_constexpr
    Feature record: CXX_FEATURE:0cxx_contextual_conversions
    Feature record: CXX_FEATURE:0cxx_decltype
    Feature record: CXX_FEATURE:0cxx_decltype_auto
    Feature record: CXX_FEATURE:0cxx_decltype_incomplete_return_types
    Feature record: CXX_FEATURE:0cxx_default_function_template_args
    Feature record: CXX_FEATURE:0cxx_defaulted_functions
    Feature record: CXX_FEATURE:0cxx_defaulted_move_initializers
    Feature record: CXX_FEATURE:0cxx_delegating_constructors
    Feature record: CXX_FEATURE:0cxx_deleted_functions
    Feature record: CXX_FEATURE:0cxx_digit_separators
    Feature record: CXX_FEATURE:0cxx_enum_forward_declarations
    Feature record: CXX_FEATURE:0cxx_explicit_conversions
    Feature record: CXX_FEATURE:0cxx_extended_friend_declarations
    Feature record: CXX_FEATURE:0cxx_extern_templates
    Feature record: CXX_FEATURE:0cxx_final
    Feature record: CXX_FEATURE:0cxx_func_identifier
    Feature record: CXX_FEATURE:0cxx_generalized_initializers
    Feature record: CXX_FEATURE:0cxx_generic_lambdas
    Feature record: CXX_FEATURE:0cxx_inheriting_constructors
    Feature record: CXX_FEATURE:0cxx_inline_namespaces
    Feature record: CXX_FEATURE:0cxx_lambdas
    Feature record: CXX_FEATURE:0cxx_lambda_init_captures
    Feature record: CXX_FEATURE:0cxx_local_type_template_args
    Feature record: CXX_FEATURE:0cxx_long_long_type
    Feature record: CXX_FEATURE:0cxx_noexcept
    Feature record: CXX_FEATURE:0cxx_nonstatic_member_init
    Feature record: CXX_FEATURE:0cxx_nullptr
    Feature record: CXX_FEATURE:0cxx_override
    Feature record: CXX_FEATURE:0cxx_range_for
    Feature record: CXX_FEATURE:0cxx_raw_string_literals
    Feature record: CXX_FEATURE:0cxx_reference_qualified_functions
    Feature record: CXX_FEATURE:0cxx_relaxed_constexpr
    Feature record: CXX_FEATURE:0cxx_return_type_deduction
    Feature record: CXX_FEATURE:0cxx_right_angle_brackets
    Feature record: CXX_FEATURE:0cxx_rvalue_references
    Feature record: CXX_FEATURE:0cxx_sizeof_member
    Feature record: CXX_FEATURE:0cxx_static_assert
    Feature record: CXX_FEATURE:0cxx_strong_enums
    Feature record: CXX_FEATURE:1cxx_template_template_parameters
    Feature record: CXX_FEATURE:0cxx_thread_local
    Feature record: CXX_FEATURE:0cxx_trailing_return_types
    Feature record: CXX_FEATURE:0cxx_unicode_literals
    Feature record: CXX_FEATURE:0cxx_uniform_initialization
    Feature record: CXX_FEATURE:0cxx_unrestricted_unions
    Feature record: CXX_FEATURE:0cxx_user_literals
    Feature record: CXX_FEATURE:0cxx_variable_templates
    Feature record: CXX_FEATURE:0cxx_variadic_macros
    Feature record: CXX_FEATURE:0cxx_variadic_templates
